<?xml version="1.0" encoding="UTF-8"?>
<testng-results skipped="0" failed="0" ignored="0" total="1" passed="1">
  <reporter-output>
  </reporter-output>
  <suite name="Default suite" duration-ms="997" started-at="2017-11-25T09:19:34Z" finished-at="2017-11-25T09:19:35Z">
    <groups>
    </groups>
    <test name="Default test" duration-ms="997" started-at="2017-11-25T09:19:34Z" finished-at="2017-11-25T09:19:35Z">
      <class name="org.quickstart.selenium.example.testng.SeleniumWithTestNGLiveTest">
        <test-method status="PASS" signature="setUp()[pri:0, instance:org.quickstart.selenium.example.testng.SeleniumWithTestNGLiveTest@685cb137]" name="setUp" is-config="true" duration-ms="11669" started-at="2017-11-25T17:19:22Z" finished-at="2017-11-25T17:19:34Z">
          <reporter-output>
          </reporter-output>
        </test-method> <!-- setUp -->
        <test-method status="PASS" signature="whenAboutBaeldungIsLoaded_thenAboutEugenIsMentionedOnPage()[pri:0, instance:org.quickstart.selenium.example.testng.SeleniumWithTestNGLiveTest@685cb137]" name="whenAboutBaeldungIsLoaded_thenAboutEugenIsMentionedOnPage" duration-ms="983" started-at="2017-11-25T17:19:34Z" finished-at="2017-11-25T17:19:35Z">
          <reporter-output>
          </reporter-output>
        </test-method> <!-- whenAboutBaeldungIsLoaded_thenAboutEugenIsMentionedOnPage -->
        <test-method status="PASS" signature="tearDown()[pri:0, instance:org.quickstart.selenium.example.testng.SeleniumWithTestNGLiveTest@685cb137]" name="tearDown" is-config="true" duration-ms="74" started-at="2017-11-25T17:19:35Z" finished-at="2017-11-25T17:19:35Z">
          <reporter-output>
          </reporter-output>
        </test-method> <!-- tearDown -->
      </class> <!-- org.quickstart.selenium.example.testng.SeleniumWithTestNGLiveTest -->
    </test> <!-- Default test -->
  </suite> <!-- Default suite -->
</testng-results>
