<?xml version="1.0" encoding="UTF-8"?>
<!-- Generated by org.testng.reporters.JUnitXMLReporter -->
<testsuite hostname="yangzl.local" ignored="0" name="case1" tests="4" failures="0" timestamp="21 十一月 2017 14:23:36 GMT" time="0.034" errors="0">
  <testcase name="runTest1" time="0.005" classname="org.quickstart.testng.before.after.TestConfiguration"/>
  <testcase name="runTest2" time="0.002" classname="org.quickstart.testng.before.after.TestConfiguration"/>
  <testcase name="runOtherTest1" time="0.001" classname="org.quickstart.testng.before.after.TestDBConnection"/>
  <testcase name="runOtherTest2" time="0.001" classname="org.quickstart.testng.before.after.TestDBConnection"/>
</testsuite> <!-- case1 -->
