<?xml version="1.0" encoding="UTF-8"?>
<!-- Generated by org.testng.reporters.JUnitXMLReporter -->
<testsuite hostname="bogon" ignored="2" name="order" tests="2" failures="0" timestamp="22 十一月 2017 02:52:03 GMT" time="0.027" errors="0">
  <testcase name="testFindOrder" time="0.006" classname="org.quickstart.testng.example.test.TestOrder"/>
  <testcase name="testUpdateOrder" time="0.001" classname="org.quickstart.testng.example.test.TestOrder"/>
  <testcase name="testMakeOrder" time="0.0" classname="org.quickstart.testng.example.test.TestOrder">
    <ignored/>
  </testcase> <!-- testMakeOrder -->
  <testcase name="testMakeEmptyOrder" time="0.0" classname="org.quickstart.testng.example.test.TestOrder">
    <ignored/>
  </testcase> <!-- testMakeEmptyOrder -->
</testsuite> <!-- order -->
