<?xml version="1.0" encoding="UTF-8"?>
<testng-results skipped="0" failed="0" ignored="7" total="8" passed="1">
  <reporter-output>
  </reporter-output>
  <suite name="Default suite" duration-ms="153" started-at="2017-11-23T02:55:01Z" finished-at="2017-11-23T02:55:01Z">
    <groups>
    </groups>
    <test name="Default test" duration-ms="153" started-at="2017-11-23T02:55:01Z" finished-at="2017-11-23T02:55:01Z">
      <class name="org.quickstart.mock.mockito.MockitoTestExample">
        <test-method status="PASS" signature="testMethodWithSpecificParameter()[pri:2, instance:org.quickstart.mock.mockito.MockitoTestExample@3234e239]" name="testMethodWithSpecificParameter" duration-ms="125" started-at="2017-11-23T10:55:01Z" finished-at="2017-11-23T10:55:01Z">
          <reporter-output>
          </reporter-output>
        </test-method> <!-- testMethodWithSpecificParameter -->
      </class> <!-- org.quickstart.mock.mockito.MockitoTestExample -->
    </test> <!-- Default test -->
  </suite> <!-- Default suite -->
</testng-results>
