<?xml version="1.0" encoding="UTF-8"?>
<!-- Generated by org.testng.reporters.JUnitXMLReporter -->
<testsuite hostname="bogon" ignored="7" name="Default test" tests="1" failures="0" timestamp="23 十一月 2017 02:55:01 GMT" time="0.153" errors="0">
  <testcase name="testMethodWithSpecificParameter" time="0.125" classname="org.quickstart.mock.mockito.MockitoTestExample"/>
  <testcase name="testMethodMultiDiffReturn" time="0.0" classname="org.quickstart.mock.mockito.MockitoTestExample">
    <ignored/>
  </testcase> <!-- testMethodMultiDiffReturn -->
  <testcase name="testMockedMethodRun" time="0.0" classname="org.quickstart.mock.mockito.MockitoTestExample">
    <ignored/>
  </testcase> <!-- testMockedMethodRun -->
  <testcase name="testReturnDirect" time="0.0" classname="org.quickstart.mock.mockito.MockitoTestExample">
    <ignored/>
  </testcase> <!-- testReturnDirect -->
  <testcase name="testMethodWithCustomParameter" time="0.0" classname="org.quickstart.mock.mockito.MockitoTestExample">
    <ignored/>
  </testcase> <!-- testMethodWithCustomParameter -->
  <testcase name="testMethodWithReturnNull" time="0.0" classname="org.quickstart.mock.mockito.MockitoTestExample">
    <ignored/>
  </testcase> <!-- testMethodWithReturnNull -->
  <testcase name="testMethodReturnException" time="0.0" classname="org.quickstart.mock.mockito.MockitoTestExample">
    <ignored/>
  </testcase> <!-- testMethodReturnException -->
  <testcase name="testMethodWithParameter" time="0.0" classname="org.quickstart.mock.mockito.MockitoTestExample">
    <ignored/>
  </testcase> <!-- testMethodWithParameter -->
</testsuite> <!-- Default test -->
